<?xml version="1.0" encoding="UTF-8"?>
<!-- Generated by org.testng.reporters.JUnitReportReporter -->
<testsuite hostname="abhishek-PC" name="com.testng.estore.Testjunit" tests="1" failures="0" timestamp="21 Aug 2014 21:04:25 GMT" time="9.198" errors="0">
  <testcase name="test_login_is_successful" time="9.198" classname="com.testng.estore.Testjunit"/>
</testsuite> <!-- com.testng.estore.Testjunit -->
